<?xml version="1.0" encoding="UTF-8"?>
<!-- Generated by org.testng.reporters.JUnitReportReporter -->
<testsuite hostname="Ayush_Gocomet" failures="0" tests="5" name="com.example.tests.LoginTests" time="22.684" errors="0" timestamp="2024-07-26T03:15:38 IST" skipped="0">
  <testcase classname="com.example.tests.LoginTests" name="testUpdatePassword" time="2.998"/>
  <system-out/>
  <testcase classname="com.example.tests.LoginTests" name="testPasswordVisibilityToggle" time="1.030"/>
  <system-out/>
  <testcase classname="com.example.tests.LoginTests" name="shadowElement" time="6.277"/>
  <system-out/>
  <testcase classname="com.example.tests.LoginTests" name="testLoginSuccess" time="8.360"/>
  <system-out/>
  <testcase classname="com.example.tests.LoginTests" name="testLoginFailures" time="4.019"/>
  <system-out/>
</testsuite> <!-- com.example.tests.LoginTests -->
