<?xml version="1.0" encoding="UTF-8"?>
<!-- Generated by org.testng.reporters.JUnitReportReporter -->
<testsuite hostname="Ayush_Gocomet" failures="0" tests="1" name="com.example.LoginTests" time="5.060" errors="0" timestamp="2024-07-25T22:06:08 IST" skipped="0">
  <testcase classname="com.example.LoginTests" name="testPasswordVisibilityToggle" time="5.060"/>
  <system-out/>
</testsuite> <!-- com.example.LoginTests -->
