<?xml version="1.0" encoding="UTF-8"?>
<!-- Generated by org.testng.reporters.JUnitReportReporter -->
<testsuite hostname="Ayush_Gocomet" failures="0" tests="5" name="com.example.LoginTests" time="47.262" errors="0" timestamp="2024-07-26T00:50:04 IST" skipped="0">
  <testcase classname="com.example.LoginTests" name="testUpdatePassword" time="15.062"/>
  <system-out/>
  <testcase classname="com.example.LoginTests" name="testPasswordVisibilityToggle" time="1.240"/>
  <system-out/>
  <testcase classname="com.example.LoginTests" name="shadowElement" time="18.318"/>
  <system-out/>
  <testcase classname="com.example.LoginTests" name="testLoginSuccess" time="9.137"/>
  <system-out/>
  <testcase classname="com.example.LoginTests" name="testLoginFailures" time="3.505"/>
  <system-out/>
</testsuite> <!-- com.example.LoginTests -->
