<?xml version="1.0" encoding="UTF-8"?>
<!-- Generated by org.testng.reporters.JUnitReportReporter -->
<testsuite hostname="Ayush_Gocomet" failures="0" tests="4" name="com.example.LoginTests" time="28.883" errors="0" timestamp="2024-07-26T00:04:08 IST" skipped="0">
  <testcase classname="com.example.LoginTests" name="testLoginSuccess" time="7.581"/>
  <system-out/>
  <testcase classname="com.example.LoginTests" name="testLoginFailure" time="5.585"/>
  <system-out/>
  <testcase classname="com.example.LoginTests" name="testPasswordVisibilityToggle" time="1.254"/>
  <system-out/>
  <testcase classname="com.example.LoginTests" name="shadownElement" time="14.463"/>
  <system-out/>
</testsuite> <!-- com.example.LoginTests -->
