<?xml version="1.0" encoding="UTF-8"?>
<!-- Generated by org.testng.reporters.JUnitReportReporter -->
<testsuite hostname="Ayush_Gocomet" failures="0" tests="5" name="com.example.tests.LoginTests" time="23.782" errors="0" timestamp="2024-07-26T03:27:53 IST" skipped="0">
  <testcase classname="com.example.tests.LoginTests" name="testLoginSuccess" time="7.599"/>
  <system-out/>
  <testcase classname="com.example.tests.LoginTests" name="testUpdatePassword" time="4.284"/>
  <system-out/>
  <testcase classname="com.example.tests.LoginTests" name="testPasswordVisibilityToggle" time="0.803"/>
  <system-out/>
  <testcase classname="com.example.tests.LoginTests" name="shadowElement" time="6.897"/>
  <system-out/>
  <testcase classname="com.example.tests.LoginTests" name="testLoginFailures" time="4.199"/>
  <system-out/>
</testsuite> <!-- com.example.tests.LoginTests -->
