<?xml version="1.0" encoding="UTF-8"?>
<!-- Generated by org.testng.reporters.JUnitReportReporter -->
<testsuite hostname="Ayush_Gocomet" failures="0" tests="5" name="com.example.tests.LoginTests" time="28.103" errors="0" timestamp="2024-07-26T01:00:27 IST" skipped="0">
  <testcase classname="com.example.tests.LoginTests" name="testLoginSuccess" time="7.489"/>
  <system-out/>
  <testcase classname="com.example.tests.LoginTests" name="testUpdatePassword" time="3.617"/>
  <system-out/>
  <testcase classname="com.example.tests.LoginTests" name="testPasswordVisibilityToggle" time="0.850"/>
  <system-out/>
  <testcase classname="com.example.tests.LoginTests" name="shadowElement" time="11.278"/>
  <system-out/>
  <testcase classname="com.example.tests.LoginTests" name="testLoginFailures" time="4.869"/>
  <system-out/>
</testsuite> <!-- com.example.tests.LoginTests -->
